<?xml version="1.0" encoding="utf-8" standalone="no"?>
<!--This file represents the results of running a test suite-->
<test-results name="C:\Users\SimonKnight\Workspace\MyRCP\MyRCP\bin\Debug\MyRCP.dll" total="12" errors="0" failures="0" not-run="0" inconclusive="0" ignored="0" skipped="0" invalid="0" date="2015-02-03" time="17:30:27">
  <environment nunit-version="2.6.4.14350" clr-version="2.0.50727.5485" os-version="Microsoft Windows NT 6.1.7601 Service Pack 1" platform="Win32NT" cwd="C:\Users\SimonKnight\Workspace\MyRCP\MyRCP\bin\Debug" machine-name="PC-W7-0571" user="SimonKnight" user-domain="REGENTS_PARK" />
  <culture-info current-culture="en-GB" current-uiculture="en-US" />
  <test-suite type="Assembly" name="C:\Users\SimonKnight\Workspace\MyRCP\MyRCP\bin\Debug\MyRCP.dll" executed="True" result="Success" success="True" time="96.190" asserts="0">
    <results>
      <test-suite type="Namespace" name="MyRCP" executed="True" result="Success" success="True" time="96.190" asserts="0">
        <results>
          <test-suite type="Namespace" name="Features" executed="True" result="Success" success="True" time="96.189" asserts="0">
            <results>
              <test-suite type="TestFixture" name="LoginFeature" description="Login" executed="True" result="Success" success="True" time="25.342" asserts="0">
                <results>
                  <test-case name="MyRCP.Features.LoginFeature.LoginToMyrcpWithInvalidEmail" description="login to myrcp with invalid email" executed="True" result="Success" success="True" time="6.650" asserts="1">
                    <categories>
                      <category name="bademail" />
                    </categories>
                  </test-case>
                  <test-case name="MyRCP.Features.LoginFeature.LoginToMyrcpWithInvalidPassword" description="login to myrcp with invalid password" executed="True" result="Success" success="True" time="5.137" asserts="1">
                    <categories>
                      <category name="badpassword" />
                    </categories>
                  </test-case>
                  <test-case name="MyRCP.Features.LoginFeature.LoginToMyrcpWithInvalidRcpCpdeNumber" description="login to myrcp with invalid rcp cpde number" executed="True" result="Success" success="True" time="5.064" asserts="1">
                    <categories>
                      <category name="badrcpcode" />
                    </categories>
                  </test-case>
                  <test-case name="MyRCP.Features.LoginFeature.LoginToMyrcpWithValidCredentails" description="login to myrcp with valid credentails" executed="True" result="Success" success="True" time="8.483" asserts="1">
                    <categories>
                      <category name="validcredentials" />
                    </categories>
                  </test-case>
                </results>
              </test-suite>
              <test-suite type="TestFixture" name="LogoutFeature" description="Logout" executed="True" result="Success" success="True" time="6.342" asserts="0">
                <results>
                  <test-case name="MyRCP.Features.LogoutFeature.UserWantsToLogoutFromTheMyRCPPage" description="user wants to logout from the &quot;MyRCP&quot; page" executed="True" result="Success" success="True" time="6.341" asserts="1">
                    <categories>
                      <category name="logout" />
                    </categories>
                  </test-case>
                </results>
              </test-suite>
              <test-suite type="TestFixture" name="ModifyContactDetailsFeature" description="ModifyContactDetails" executed="True" result="Success" success="True" time="14.682" asserts="0">
                <results>
                  <test-case name="MyRCP.Features.ModifyContactDetailsFeature.AUserModifiesTheirDetailsOnline" description="A user modifies their details online" executed="True" result="Success" success="True" time="14.681" asserts="2">
                    <categories>
                      <category name="ModifyDetails" />
                    </categories>
                  </test-case>
                </results>
              </test-suite>
              <test-suite type="TestFixture" name="RegistrationFeature" description="Registration" executed="True" result="Success" success="True" time="33.217" asserts="0">
                <results>
                  <test-case name="MyRCP.Features.RegistrationFeature.RegisterWithAnExistingEmail" description="Register with an existing email" executed="True" result="Success" success="True" time="9.830" asserts="1">
                    <categories>
                      <category name="duplicatelogin" />
                    </categories>
                  </test-case>
                  <test-case name="MyRCP.Features.RegistrationFeature.RegisterWithAnExistingRcp300551_CRMMatchingDetailsButDoesNotMatchTheEmail" description="Register with an existing rcp(300551) - CRM matching details but does not match the email" executed="True" result="Success" success="True" time="5.257" asserts="2">
                    <categories>
                      <category name="RCPcodeNonMatchingEmail" />
                    </categories>
                  </test-case>
                  <test-case name="MyRCP.Features.RegistrationFeature.RegisterWithAnIncorrectEmailAddress" description="Register with an incorrect email address" executed="True" result="Success" success="True" time="5.296" asserts="1">
                    <categories>
                      <category name="InvalidInfo" />
                    </categories>
                  </test-case>
                  <test-case name="MyRCP.Features.RegistrationFeature.RegisterWithCorrectDetails" description="Register with correct details" executed="True" result="Success" success="True" time="7.792" asserts="1">
                    <categories>
                      <category name="SuccesfulRegistration" />
                    </categories>
                  </test-case>
                  <test-case name="MyRCP.Features.RegistrationFeature.RegisterWithoutEnteringAnEmail" description="Register without entering an email" executed="True" result="Success" success="True" time="5.031" asserts="1">
                    <categories>
                      <category name="Noemail" />
                    </categories>
                  </test-case>
                </results>
              </test-suite>
              <test-suite type="TestFixture" name="VerifyMandatoryDetailsFeature" description="VerifyMandatoryDetails" executed="True" result="Success" success="True" time="16.589" asserts="0">
                <results>
                  <test-case name="MyRCP.Features.VerifyMandatoryDetailsFeature.AUserAppliesForAnAffiliateMembershipOnline" description="A user applies for an affiliate membership online" executed="True" result="Success" success="True" time="16.588" asserts="1">
                    <categories>
                      <category name="ModifyDetails" />
                    </categories>
                  </test-case>
                </results>
              </test-suite>
            </results>
          </test-suite>
        </results>
      </test-suite>
    </results>
  </test-suite>
</test-results>