<?xml version="1.0" encoding="utf-8" standalone="no"?>
<!--This file represents the results of running a test suite-->
<test-results name="C:\Users\SimonKnight\Workspace\MyRCP\MyRCP\bin\Debug\MyRCP.dll" total="1" errors="0" failures="0" not-run="0" inconclusive="0" ignored="0" skipped="0" invalid="0" date="2015-01-29" time="14:09:39">
  <environment nunit-version="2.6.4.14350" clr-version="2.0.50727.5485" os-version="Microsoft Windows NT 6.1.7601 Service Pack 1" platform="Win32NT" cwd="C:\Users\SimonKnight\Workspace\MyRCP\MyRCP\bin\Debug" machine-name="PC-W7-0571" user="SimonKnight" user-domain="REGENTS_PARK" />
  <culture-info current-culture="en-GB" current-uiculture="en-US" />
  <test-suite type="Assembly" name="C:\Users\SimonKnight\Workspace\MyRCP\MyRCP\bin\Debug\MyRCP.dll" executed="True" result="Success" success="True" time="17.288" asserts="0">
    <results>
      <test-suite type="Namespace" name="MyRCP" executed="True" result="Success" success="True" time="17.283" asserts="0">
        <results>
          <test-suite type="Namespace" name="Features" executed="True" result="Success" success="True" time="17.283" asserts="0">
            <results>
              <test-suite type="TestFixture" name="VerifyMandatoryDetailsFeature" description="VerifyMandatoryDetails" executed="True" result="Success" success="True" time="17.282" asserts="0">
                <results>
                  <test-case name="MyRCP.Features.VerifyMandatoryDetailsFeature.AUserAppliesForAnAffiliateMembershipOnline" description="A user applies for an affiliate membership online" executed="True" result="Success" success="True" time="17.117" asserts="1">
                    <categories>
                      <category name="ModifyDetails" />
                    </categories>
                  </test-case>
                </results>
              </test-suite>
            </results>
          </test-suite>
        </results>
      </test-suite>
    </results>
  </test-suite>
</test-results>